<?xml version="1.0" encoding="UTF-8"?>
<!-- Generated by org.testng.reporters.JUnitXMLReporter -->
<testsuite ignored="0" hostname="AMIT" failures="0" tests="13" name="Default test" time="109.635" errors="0" timestamp="2022-10-05T13:59:38 IST">
  <testcase classname="copy.copy.compents" name="setup" time="15.021"/>
  <testcase classname="copy.copy.compents" name="compent" time="15.57"/>
  <testcase classname="copy.copy.registration" name="setup" time="6.096"/>
  <testcase classname="copy.copy.registration" name="registration" time="2.618"/>
  <testcase classname="copy.copy.laptop" name="setup" time="5.773"/>
  <testcase classname="copy.copy.laptop" name="Laptop" time="17.36"/>
  <testcase classname="copy.copy.phones" name="setup" time="6.683"/>
  <testcase classname="copy.copy.phones" name="phones" time="5.868"/>
  <testcase classname="copy.copy.club" name="setup" time="6.088"/>
  <testcase classname="copy.copy.club" name="registration" time="3.643"/>
  <testcase classname="copy.copy.club" name="Laptop" time="8.546"/>
  <testcase classname="copy.copy.club" name="compent" time="10.672"/>
  <testcase classname="copy.copy.club" name="phones" time="5.599"/>
</testsuite> <!-- Default test -->
